<?xml version="1.0" encoding="UTF-8"?>
<!-- Generated by org.testng.reporters.JUnitReportReporter -->
<testsuite hostname="LAPTOP-M2DVE1SL" failures="0" tests="2" name="com.qa.xyz.testcases.TransactionTestCase" time="15.341" errors="0" timestamp="08 Mar 2024 15:56:18 GMT" skipped="0">
  <testcase classname="com.qa.xyz.testcases.TransactionTestCase" name="verifyTransactions" time="7.747"/>
  <testcase classname="com.qa.xyz.testcases.TransactionTestCase" name="verifyRecords" time="7.594"/>
</testsuite> <!-- com.qa.xyz.testcases.TransactionTestCase -->
