<?xml version="1.0" encoding="UTF-8"?>
<!-- Generated by org.testng.reporters.JUnitReportReporter -->
<testsuite hostname="LAPTOP-M2DVE1SL" failures="0" tests="2" name="com.qa.xyz.testcases.ValidWithdrawalTestCase" time="15.862" errors="0" timestamp="08 Mar 2024 15:56:18 GMT" skipped="0">
  <testcase classname="com.qa.xyz.testcases.ValidWithdrawalTestCase" name="validateWithdrawl" time="7.681"/>
  <testcase classname="com.qa.xyz.testcases.ValidWithdrawalTestCase" name="verifyWithdrawlRecord" time="8.181"/>
</testsuite> <!-- com.qa.xyz.testcases.ValidWithdrawalTestCase -->
