<?xml version="1.0" encoding="UTF-8"?>
<!-- Generated by org.testng.reporters.JUnitReportReporter -->
<testsuite hostname="LAPTOP-M2DVE1SL" failures="0" tests="3" name="com.qa.xyz.testcases.HomePageTestCase" time="17.706" errors="0" timestamp="08 Mar 2024 15:56:18 GMT" skipped="0">
  <testcase classname="com.qa.xyz.testcases.HomePageTestCase" name="verifyHomePageTitle" time="4.374"/>
  <testcase classname="com.qa.xyz.testcases.HomePageTestCase" name="verifyCustomerLoginTest" time="7.305"/>
  <testcase classname="com.qa.xyz.testcases.HomePageTestCase" name="verifyBankManagerLoginTest" time="6.027"/>
</testsuite> <!-- com.qa.xyz.testcases.HomePageTestCase -->
