<?xml version="1.0" encoding="UTF-8"?>
<!-- Generated by org.testng.reporters.JUnitReportReporter -->
<testsuite hostname="LAPTOP-M2DVE1SL" failures="0" tests="1" name="com.qa.xyz.testcases.CustomersPageTestCase" time="22.158" errors="0" timestamp="08 Mar 2024 15:56:18 GMT" skipped="0">
  <testcase classname="com.qa.xyz.testcases.CustomersPageTestCase" name="validateCustomerDetails" time="22.158"/>
</testsuite> <!-- com.qa.xyz.testcases.CustomersPageTestCase -->
